Analysis & Synthesis report for RegisterFile
Mon Oct 30 13:56:39 2023
Quartus Prime Version 22.1std.0 Build 915 10/25/2022 SC Lite Edition


---------------------
; Table of Contents ;
---------------------
  1. Legal Notice
  2. Analysis & Synthesis Summary
  3. Analysis & Synthesis Settings
  4. Parallel Compilation
  5. Analysis & Synthesis Source Files Read
  6. Analysis & Synthesis Resource Usage Summary
  7. Analysis & Synthesis Resource Utilization by Entity
  8. General Register Statistics
  9. Inverted Register Statistics
 10. Multiplexer Restructuring Statistics (Restructuring Performed)
 11. Parameter Settings for User Entity Instance: Top-level Entity: |RegisterFile
 12. Analysis & Synthesis Messages



----------------
; Legal Notice ;
----------------
Copyright (C) 2022  Intel Corporation. All rights reserved.
Your use of Intel Corporation's design tools, logic functions 
and other software and tools, and any partner logic 
functions, and any output files from any of the foregoing 
(including device programming or simulation files), and any 
associated documentation or information are expressly subject 
to the terms and conditions of the Intel Program License 
Subscription Agreement, the Intel Quartus Prime License Agreement,
the Intel FPGA IP License Agreement, or other applicable license
agreement, including, without limitation, that your use is for
the sole purpose of programming logic devices manufactured by
Intel and sold by Intel or its authorized distributors.  Please
refer to the applicable agreement for further details, at
https://fpgasoftware.intel.com/eula.



+------------------------------------------------------------------------------+
; Analysis & Synthesis Summary                                                 ;
+-----------------------------+------------------------------------------------+
; Analysis & Synthesis Status ; Successful - Mon Oct 30 13:56:39 2023          ;
; Quartus Prime Version       ; 22.1std.0 Build 915 10/25/2022 SC Lite Edition ;
; Revision Name               ; RegisterFile                                   ;
; Top-level Entity Name       ; RegisterFile                                   ;
; Family                      ; MAX II                                         ;
; Total logic elements        ; 1,835                                          ;
; Total pins                  ; 144                                            ;
; Total virtual pins          ; 0                                              ;
; UFM blocks                  ; 0 / 1 ( 0 % )                                  ;
+-----------------------------+------------------------------------------------+


+------------------------------------------------------------------------------------------------------------+
; Analysis & Synthesis Settings                                                                              ;
+------------------------------------------------------------------+--------------------+--------------------+
; Option                                                           ; Setting            ; Default Value      ;
+------------------------------------------------------------------+--------------------+--------------------+
; Device                                                           ; EPM2210F324C5      ;                    ;
; Top-level entity name                                            ; RegisterFile       ; RegisterFile       ;
; Family name                                                      ; MAX II             ; Cyclone V          ;
; Maximum processors allowed for parallel compilation              ; All                ;                    ;
; Use smart compilation                                            ; Off                ; Off                ;
; Enable parallel Assembler and Timing Analyzer during compilation ; On                 ; On                 ;
; Enable compact report table                                      ; Off                ; Off                ;
; Restructure Multiplexers                                         ; Auto               ; Auto               ;
; Create Debugging Nodes for IP Cores                              ; Off                ; Off                ;
; Preserve fewer node names                                        ; On                 ; On                 ;
; Intel FPGA IP Evaluation Mode                                    ; Enable             ; Enable             ;
; Verilog Version                                                  ; Verilog_2001       ; Verilog_2001       ;
; VHDL Version                                                     ; VHDL_1993          ; VHDL_1993          ;
; State Machine Processing                                         ; Auto               ; Auto               ;
; Safe State Machine                                               ; Off                ; Off                ;
; Extract Verilog State Machines                                   ; On                 ; On                 ;
; Extract VHDL State Machines                                      ; On                 ; On                 ;
; Ignore Verilog initial constructs                                ; Off                ; Off                ;
; Iteration limit for constant Verilog loops                       ; 5000               ; 5000               ;
; Iteration limit for non-constant Verilog loops                   ; 250                ; 250                ;
; Add Pass-Through Logic to Inferred RAMs                          ; On                 ; On                 ;
; Infer RAMs from Raw Logic                                        ; On                 ; On                 ;
; Parallel Synthesis                                               ; On                 ; On                 ;
; NOT Gate Push-Back                                               ; On                 ; On                 ;
; Power-Up Don't Care                                              ; On                 ; On                 ;
; Remove Redundant Logic Cells                                     ; Off                ; Off                ;
; Remove Duplicate Registers                                       ; On                 ; On                 ;
; Ignore CARRY Buffers                                             ; Off                ; Off                ;
; Ignore CASCADE Buffers                                           ; Off                ; Off                ;
; Ignore GLOBAL Buffers                                            ; Off                ; Off                ;
; Ignore ROW GLOBAL Buffers                                        ; Off                ; Off                ;
; Ignore LCELL Buffers                                             ; Off                ; Off                ;
; Ignore SOFT Buffers                                              ; On                 ; On                 ;
; Limit AHDL Integers to 32 Bits                                   ; Off                ; Off                ;
; Optimization Technique                                           ; Balanced           ; Balanced           ;
; Carry Chain Length                                               ; 70                 ; 70                 ;
; Auto Carry Chains                                                ; On                 ; On                 ;
; Auto Open-Drain Pins                                             ; On                 ; On                 ;
; Perform WYSIWYG Primitive Resynthesis                            ; Off                ; Off                ;
; Auto Shift Register Replacement                                  ; Auto               ; Auto               ;
; Allow Shift Register Merging across Hierarchies                  ; Auto               ; Auto               ;
; Auto Clock Enable Replacement                                    ; On                 ; On                 ;
; Allow Synchronous Control Signals                                ; On                 ; On                 ;
; Force Use of Synchronous Clear Signals                           ; Off                ; Off                ;
; Auto Resource Sharing                                            ; Off                ; Off                ;
; Use LogicLock Constraints during Resource Balancing              ; On                 ; On                 ;
; Ignore translate_off and synthesis_off directives                ; Off                ; Off                ;
; Report Parameter Settings                                        ; On                 ; On                 ;
; Report Source Assignments                                        ; On                 ; On                 ;
; Report Connectivity Checks                                       ; On                 ; On                 ;
; Ignore Maximum Fan-Out Assignments                               ; Off                ; Off                ;
; Synchronization Register Chain Length                            ; 2                  ; 2                  ;
; Power Optimization During Synthesis                              ; Normal compilation ; Normal compilation ;
; HDL message level                                                ; Level2             ; Level2             ;
; Suppress Register Optimization Related Messages                  ; Off                ; Off                ;
; Number of Removed Registers Reported in Synthesis Report         ; 5000               ; 5000               ;
; Number of Swept Nodes Reported in Synthesis Report               ; 5000               ; 5000               ;
; Number of Inverted Registers Reported in Synthesis Report        ; 100                ; 100                ;
; Clock MUX Protection                                             ; On                 ; On                 ;
; Block Design Naming                                              ; Auto               ; Auto               ;
; Synthesis Effort                                                 ; Auto               ; Auto               ;
; Shift Register Replacement - Allow Asynchronous Clear Signal     ; On                 ; On                 ;
; Analysis & Synthesis Message Level                               ; Medium             ; Medium             ;
; Disable Register Merging Across Hierarchies                      ; Auto               ; Auto               ;
+------------------------------------------------------------------+--------------------+--------------------+


+------------------------------------------+
; Parallel Compilation                     ;
+----------------------------+-------------+
; Processors                 ; Number      ;
+----------------------------+-------------+
; Number detected on machine ; 12          ;
; Maximum allowed            ; 12          ;
;                            ;             ;
; Average used               ; 1.00        ;
; Maximum used               ; 1           ;
;                            ;             ;
; Usage by Processor         ; % Time Used ;
;     Processor 1            ; 100.0%      ;
+----------------------------+-------------+


+---------------------------------------------------------------------------------------------------------------------------------------------------------------------------------------------------------------+
; Analysis & Synthesis Source Files Read                                                                                                                                                                        ;
+----------------------------------+-----------------+-----------------+------------------------------------------------------------------------------------------------------------------------------+---------+
; File Name with User-Entered Path ; Used in Netlist ; File Type       ; File Name with Absolute Path                                                                                                 ; Library ;
+----------------------------------+-----------------+-----------------+------------------------------------------------------------------------------------------------------------------------------+---------+
; RegisterFile.vhd                 ; yes             ; User VHDL File  ; C:/Users/Alexandr/Desktop/Repository/Circuitry-of-digital-devices/Groups/Alena-Boris-Aleksandr/RegisterFile/RegisterFile.vhd ;         ;
+----------------------------------+-----------------+-----------------+------------------------------------------------------------------------------------------------------------------------------+---------+


+-----------------------------------------------------+
; Analysis & Synthesis Resource Usage Summary         ;
+---------------------------------------------+-------+
; Resource                                    ; Usage ;
+---------------------------------------------+-------+
; Total logic elements                        ; 1835  ;
;     -- Combinational with no register       ; 713   ;
;     -- Register only                        ; 0     ;
;     -- Combinational with a register        ; 1122  ;
;                                             ;       ;
; Logic element usage by number of LUT inputs ;       ;
;     -- 4 input functions                    ; 680   ;
;     -- 3 input functions                    ; 32    ;
;     -- 2 input functions                    ; 33    ;
;     -- 1 input functions                    ; 1090  ;
;     -- 0 input functions                    ; 0     ;
;                                             ;       ;
; Logic elements by mode                      ;       ;
;     -- normal mode                          ; 1835  ;
;     -- arithmetic mode                      ; 0     ;
;     -- qfbk mode                            ; 0     ;
;     -- register cascade mode                ; 0     ;
;     -- synchronous clear/load mode          ; 0     ;
;     -- asynchronous clear/load mode         ; 0     ;
;                                             ;       ;
; Total registers                             ; 1122  ;
; I/O pins                                    ; 144   ;
; Maximum fan-out node                        ; clk   ;
; Maximum fan-out                             ; 1122  ;
; Total fan-out                               ; 6248  ;
; Average fan-out                             ; 3.16  ;
+---------------------------------------------+-------+


+-------------------------------------------------------------------------------------------------------------------------------------------------------------------------------------------------------------------------------------+
; Analysis & Synthesis Resource Utilization by Entity                                                                                                                                                                                 ;
+----------------------------+-------------+--------------+------------+------+--------------+--------------+-------------------+------------------+-----------------+------------+---------------------+--------------+--------------+
; Compilation Hierarchy Node ; Logic Cells ; LC Registers ; UFM Blocks ; Pins ; Virtual Pins ; LUT-Only LCs ; Register-Only LCs ; LUT/Register LCs ; Carry Chain LCs ; Packed LCs ; Full Hierarchy Name ; Entity Name  ; Library Name ;
+----------------------------+-------------+--------------+------------+------+--------------+--------------+-------------------+------------------+-----------------+------------+---------------------+--------------+--------------+
; |RegisterFile              ; 1835 (1835) ; 1122         ; 0          ; 144  ; 0            ; 713 (713)    ; 0 (0)             ; 1122 (1122)      ; 0 (0)           ; 0 (0)      ; |RegisterFile       ; RegisterFile ; work         ;
+----------------------------+-------------+--------------+------------+------+--------------+--------------+-------------------+------------------+-----------------+------------+---------------------+--------------+--------------+
Note: For table entries with two numbers listed, the numbers in parentheses indicate the number of resources of the given type used by the specific entity alone. The numbers listed outside of parentheses indicate the total resources of the given type used by the specific entity and all of its sub-entities in the hierarchy.


+------------------------------------------------------+
; General Register Statistics                          ;
+----------------------------------------------+-------+
; Statistic                                    ; Value ;
+----------------------------------------------+-------+
; Total registers                              ; 1122  ;
; Number of registers using Synchronous Clear  ; 0     ;
; Number of registers using Synchronous Load   ; 0     ;
; Number of registers using Asynchronous Clear ; 0     ;
; Number of registers using Asynchronous Load  ; 0     ;
; Number of registers using Clock Enable       ; 1056  ;
; Number of registers using Preset             ; 0     ;
+----------------------------------------------+-------+


+------------------------------------------------------+
; Inverted Register Statistics                         ;
+--------------------------------------------+---------+
; Inverted Register                          ; Fan out ;
+--------------------------------------------+---------+
; array_reg[22][0]                           ; 1       ;
; array_reg[26][0]                           ; 1       ;
; array_reg[18][0]                           ; 1       ;
; array_reg[30][0]                           ; 1       ;
; array_reg[25][0]                           ; 1       ;
; array_reg[21][0]                           ; 1       ;
; array_reg[17][0]                           ; 1       ;
; array_reg[29][0]                           ; 1       ;
; array_reg[20][0]                           ; 1       ;
; array_reg[24][0]                           ; 1       ;
; array_reg[16][0]                           ; 1       ;
; array_reg[28][0]                           ; 1       ;
; array_reg[27][0]                           ; 1       ;
; array_reg[23][0]                           ; 1       ;
; array_reg[19][0]                           ; 1       ;
; array_reg[31][0]                           ; 1       ;
; array_reg[10][0]                           ; 1       ;
; array_reg[9][0]                            ; 1       ;
; array_reg[8][0]                            ; 1       ;
; array_reg[11][0]                           ; 1       ;
; array_reg[5][0]                            ; 1       ;
; array_reg[6][0]                            ; 1       ;
; array_reg[4][0]                            ; 1       ;
; array_reg[7][0]                            ; 1       ;
; array_reg[2][0]                            ; 2       ;
; array_reg[1][0]                            ; 1       ;
; array_reg[0][0]                            ; 2       ;
; array_reg[3][0]                            ; 1       ;
; array_reg[13][0]                           ; 1       ;
; array_reg[14][0]                           ; 1       ;
; array_reg[12][0]                           ; 1       ;
; array_reg[15][0]                           ; 1       ;
; array_reg[21][1]                           ; 1       ;
; array_reg[25][1]                           ; 1       ;
; array_reg[17][1]                           ; 1       ;
; array_reg[29][1]                           ; 1       ;
; array_reg[26][1]                           ; 1       ;
; array_reg[22][1]                           ; 1       ;
; array_reg[18][1]                           ; 1       ;
; array_reg[30][1]                           ; 1       ;
; array_reg[24][1]                           ; 1       ;
; array_reg[20][1]                           ; 1       ;
; array_reg[16][1]                           ; 1       ;
; array_reg[28][1]                           ; 1       ;
; array_reg[23][1]                           ; 1       ;
; array_reg[27][1]                           ; 1       ;
; array_reg[19][1]                           ; 1       ;
; array_reg[31][1]                           ; 1       ;
; array_reg[6][1]                            ; 1       ;
; array_reg[5][1]                            ; 1       ;
; array_reg[4][1]                            ; 1       ;
; array_reg[7][1]                            ; 1       ;
; array_reg[9][1]                            ; 1       ;
; array_reg[10][1]                           ; 1       ;
; array_reg[8][1]                            ; 1       ;
; array_reg[11][1]                           ; 1       ;
; array_reg[1][1]                            ; 1       ;
; array_reg[2][1]                            ; 2       ;
; array_reg[0][1]                            ; 2       ;
; array_reg[3][1]                            ; 1       ;
; array_reg[14][1]                           ; 1       ;
; array_reg[13][1]                           ; 1       ;
; array_reg[12][1]                           ; 1       ;
; array_reg[15][1]                           ; 1       ;
; array_reg[22][2]                           ; 1       ;
; array_reg[26][2]                           ; 1       ;
; array_reg[18][2]                           ; 1       ;
; array_reg[30][2]                           ; 1       ;
; array_reg[25][2]                           ; 1       ;
; array_reg[21][2]                           ; 1       ;
; array_reg[17][2]                           ; 1       ;
; array_reg[29][2]                           ; 1       ;
; array_reg[20][2]                           ; 1       ;
; array_reg[24][2]                           ; 1       ;
; array_reg[16][2]                           ; 1       ;
; array_reg[28][2]                           ; 1       ;
; array_reg[27][2]                           ; 1       ;
; array_reg[23][2]                           ; 1       ;
; array_reg[19][2]                           ; 1       ;
; array_reg[31][2]                           ; 1       ;
; array_reg[10][2]                           ; 1       ;
; array_reg[9][2]                            ; 1       ;
; array_reg[8][2]                            ; 1       ;
; array_reg[11][2]                           ; 1       ;
; array_reg[5][2]                            ; 1       ;
; array_reg[6][2]                            ; 1       ;
; array_reg[4][2]                            ; 1       ;
; array_reg[7][2]                            ; 1       ;
; array_reg[2][2]                            ; 2       ;
; array_reg[1][2]                            ; 1       ;
; array_reg[0][2]                            ; 2       ;
; array_reg[3][2]                            ; 1       ;
; array_reg[13][2]                           ; 1       ;
; array_reg[14][2]                           ; 1       ;
; array_reg[12][2]                           ; 1       ;
; array_reg[15][2]                           ; 1       ;
; array_reg[21][3]                           ; 1       ;
; array_reg[25][3]                           ; 1       ;
; array_reg[17][3]                           ; 1       ;
; array_reg[29][3]                           ; 1       ;
; Total number of inverted registers = 1024* ;         ;
+--------------------------------------------+---------+
* Table truncated at 100 items. To change the number of inverted registers reported, set the "Number of Inverted Registers Reported" option under Assignments->Settings->Analysis and Synthesis Settings->More Settings


+-----------------------------------------------------------------------------------------------------------------------------------------------+
; Multiplexer Restructuring Statistics (Restructuring Performed)                                                                                ;
+--------------------+-----------+---------------+----------------------+------------------------+------------+---------------------------------+
; Multiplexer Inputs ; Bus Width ; Baseline Area ; Area if Restructured ; Saving if Restructured ; Registered ; Example Multiplexer Output      ;
+--------------------+-----------+---------------+----------------------+------------------------+------------+---------------------------------+
; 32:1               ; 32 bits   ; 672 LEs       ; 672 LEs              ; 0 LEs                  ; Yes        ; |RegisterFile|ReadData[0]~reg0  ;
; 3:1                ; 32 bits   ; 64 LEs        ; 32 LEs               ; 32 LEs                 ; Yes        ; |RegisterFile|array_reg[0][0]   ;
; 3:1                ; 32 bits   ; 64 LEs        ; 32 LEs               ; 32 LEs                 ; Yes        ; |RegisterFile|array_reg[1][0]   ;
; 3:1                ; 32 bits   ; 64 LEs        ; 32 LEs               ; 32 LEs                 ; Yes        ; |RegisterFile|array_reg[2][22]  ;
; 3:1                ; 32 bits   ; 64 LEs        ; 32 LEs               ; 32 LEs                 ; Yes        ; |RegisterFile|array_reg[3][28]  ;
; 3:1                ; 32 bits   ; 64 LEs        ; 32 LEs               ; 32 LEs                 ; Yes        ; |RegisterFile|array_reg[4][8]   ;
; 3:1                ; 32 bits   ; 64 LEs        ; 32 LEs               ; 32 LEs                 ; Yes        ; |RegisterFile|array_reg[5][0]   ;
; 3:1                ; 32 bits   ; 64 LEs        ; 32 LEs               ; 32 LEs                 ; Yes        ; |RegisterFile|array_reg[6][0]   ;
; 3:1                ; 32 bits   ; 64 LEs        ; 32 LEs               ; 32 LEs                 ; Yes        ; |RegisterFile|array_reg[7][0]   ;
; 3:1                ; 32 bits   ; 64 LEs        ; 32 LEs               ; 32 LEs                 ; Yes        ; |RegisterFile|array_reg[8][0]   ;
; 3:1                ; 32 bits   ; 64 LEs        ; 32 LEs               ; 32 LEs                 ; Yes        ; |RegisterFile|array_reg[9][0]   ;
; 3:1                ; 32 bits   ; 64 LEs        ; 32 LEs               ; 32 LEs                 ; Yes        ; |RegisterFile|array_reg[10][0]  ;
; 3:1                ; 32 bits   ; 64 LEs        ; 32 LEs               ; 32 LEs                 ; Yes        ; |RegisterFile|array_reg[11][25] ;
; 3:1                ; 32 bits   ; 64 LEs        ; 32 LEs               ; 32 LEs                 ; Yes        ; |RegisterFile|array_reg[12][16] ;
; 3:1                ; 32 bits   ; 64 LEs        ; 32 LEs               ; 32 LEs                 ; Yes        ; |RegisterFile|array_reg[13][23] ;
; 3:1                ; 32 bits   ; 64 LEs        ; 32 LEs               ; 32 LEs                 ; Yes        ; |RegisterFile|array_reg[14][19] ;
; 3:1                ; 32 bits   ; 64 LEs        ; 32 LEs               ; 32 LEs                 ; Yes        ; |RegisterFile|array_reg[15][24] ;
; 3:1                ; 32 bits   ; 64 LEs        ; 32 LEs               ; 32 LEs                 ; Yes        ; |RegisterFile|array_reg[16][1]  ;
; 3:1                ; 32 bits   ; 64 LEs        ; 32 LEs               ; 32 LEs                 ; Yes        ; |RegisterFile|array_reg[17][12] ;
; 3:1                ; 32 bits   ; 64 LEs        ; 32 LEs               ; 32 LEs                 ; Yes        ; |RegisterFile|array_reg[18][3]  ;
; 3:1                ; 32 bits   ; 64 LEs        ; 32 LEs               ; 32 LEs                 ; Yes        ; |RegisterFile|array_reg[19][6]  ;
; 3:1                ; 32 bits   ; 64 LEs        ; 32 LEs               ; 32 LEs                 ; Yes        ; |RegisterFile|array_reg[20][2]  ;
; 3:1                ; 32 bits   ; 64 LEs        ; 32 LEs               ; 32 LEs                 ; Yes        ; |RegisterFile|array_reg[21][15] ;
; 3:1                ; 32 bits   ; 64 LEs        ; 32 LEs               ; 32 LEs                 ; Yes        ; |RegisterFile|array_reg[22][16] ;
; 3:1                ; 32 bits   ; 64 LEs        ; 32 LEs               ; 32 LEs                 ; Yes        ; |RegisterFile|array_reg[23][25] ;
; 3:1                ; 32 bits   ; 64 LEs        ; 32 LEs               ; 32 LEs                 ; Yes        ; |RegisterFile|array_reg[24][19] ;
; 3:1                ; 32 bits   ; 64 LEs        ; 32 LEs               ; 32 LEs                 ; Yes        ; |RegisterFile|array_reg[25][21] ;
; 3:1                ; 32 bits   ; 64 LEs        ; 32 LEs               ; 32 LEs                 ; Yes        ; |RegisterFile|array_reg[26][27] ;
; 3:1                ; 32 bits   ; 64 LEs        ; 32 LEs               ; 32 LEs                 ; Yes        ; |RegisterFile|array_reg[27][10] ;
; 3:1                ; 32 bits   ; 64 LEs        ; 32 LEs               ; 32 LEs                 ; Yes        ; |RegisterFile|array_reg[28][15] ;
; 3:1                ; 32 bits   ; 64 LEs        ; 32 LEs               ; 32 LEs                 ; Yes        ; |RegisterFile|array_reg[29][4]  ;
; 3:1                ; 32 bits   ; 64 LEs        ; 32 LEs               ; 32 LEs                 ; Yes        ; |RegisterFile|array_reg[30][0]  ;
; 3:1                ; 32 bits   ; 64 LEs        ; 32 LEs               ; 32 LEs                 ; Yes        ; |RegisterFile|array_reg[31][13] ;
+--------------------+-----------+---------------+----------------------+------------------------+------------+---------------------------------+


+------------------------------------------------------------------------------+
; Parameter Settings for User Entity Instance: Top-level Entity: |RegisterFile ;
+----------------+-------+-----------------------------------------------------+
; Parameter Name ; Value ; Type                                                ;
+----------------+-------+-----------------------------------------------------+
; reg_width      ; 32    ; Signed Integer                                      ;
; lnum_reg       ; 5     ; Signed Integer                                      ;
+----------------+-------+-----------------------------------------------------+
Note: In order to hide this table in the UI and the text report file, please set the "Show Parameter Settings in Synthesis Report" option in "Analysis and Synthesis Settings -> More Settings" to "Off".


+-------------------------------+
; Analysis & Synthesis Messages ;
+-------------------------------+
Info: *******************************************************************
Info: Running Quartus Prime Analysis & Synthesis
    Info: Version 22.1std.0 Build 915 10/25/2022 SC Lite Edition
    Info: Processing started: Mon Oct 30 13:56:24 2023
Info: Command: quartus_map --read_settings_files=on --write_settings_files=off RegisterFile -c RegisterFile
Info (20030): Parallel compilation is enabled and will use 12 of the 12 processors detected
Info (12021): Found 2 design units, including 1 entities, in source file simulation/modelsim/tb_regesterfile.vhd
    Info (12022): Found design unit 1: Tb_RegesterFile-behavior File: C:/Users/Alexandr/Desktop/Repository/Circuitry-of-digital-devices/Groups/Alena-Boris-Aleksandr/RegisterFile/simulation/modelsim/Tb_RegesterFile.vhd Line: 8
    Info (12023): Found entity 1: Tb_RegesterFile File: C:/Users/Alexandr/Desktop/Repository/Circuitry-of-digital-devices/Groups/Alena-Boris-Aleksandr/RegisterFile/simulation/modelsim/Tb_RegesterFile.vhd Line: 5
Info (12021): Found 2 design units, including 1 entities, in source file registerfile.vhd
    Info (12022): Found design unit 1: RegisterFile-Behavioral File: C:/Users/Alexandr/Desktop/Repository/Circuitry-of-digital-devices/Groups/Alena-Boris-Aleksandr/RegisterFile/RegisterFile.vhd Line: 27
    Info (12023): Found entity 1: RegisterFile File: C:/Users/Alexandr/Desktop/Repository/Circuitry-of-digital-devices/Groups/Alena-Boris-Aleksandr/RegisterFile/RegisterFile.vhd Line: 5
Info (12021): Found 2 design units, including 1 entities, in source file tester_registerfile.vhd
    Info (12022): Found design unit 1: Tester_RegisterFile-behavior_tester File: C:/Users/Alexandr/Desktop/Repository/Circuitry-of-digital-devices/Groups/Alena-Boris-Aleksandr/RegisterFile/Tester_RegisterFile.vhd Line: 22
    Info (12023): Found entity 1: Tester_RegisterFile File: C:/Users/Alexandr/Desktop/Repository/Circuitry-of-digital-devices/Groups/Alena-Boris-Aleksandr/RegisterFile/Tester_RegisterFile.vhd Line: 5
Info (12127): Elaborating entity "RegisterFile" for the top level hierarchy
Info (21057): Implemented 1979 device resources after synthesis - the final resource count might be different
    Info (21058): Implemented 46 input pins
    Info (21059): Implemented 98 output pins
    Info (21061): Implemented 1835 logic cells
Info: Quartus Prime Analysis & Synthesis was successful. 0 errors, 0 warnings
    Info: Peak virtual memory: 4772 megabytes
    Info: Processing ended: Mon Oct 30 13:56:39 2023
    Info: Elapsed time: 00:00:15
    Info: Total CPU time (on all processors): 00:00:33


